<?xml version="1.0" encoding="utf-8"?>
<TestRun id="28629304-a15f-4048-a331-3fb72c627beb" name="chaker@DESKTOP-17V9HJ5 2025-07-07 10:31:58" runUser="DESKTOP-17V9HJ5\chaker" xmlns="http://microsoft.com/schemas/VisualStudio/TeamTest/2010">
  <Times creation="2025-07-07T10:31:58.1790686+01:00" queuing="2025-07-07T10:31:58.1790690+01:00" start="2025-07-07T10:31:47.4174730+01:00" finish="2025-07-07T10:31:58.1891152+01:00" />
  <TestSettings name="default" id="a036b5d7-1424-44c1-87c8-16c5aa9d8e96">
    <Deployment runDeploymentRoot="chaker_DESKTOP-17V9HJ5_2025-07-07_10_31_58" />
  </TestSettings>
  <Results>
    <UnitTestResult executionId="3fbedea5-5982-4657-a433-ea2865cc988a" testId="f148fceb-d586-f640-c36a-9cbdb5c8bd4a" testName="TestMo_AppvizerDisplayHomePage()" computerName="DESKTOP-17V9HJ5" duration="00:00:09.8667990" startTime="2025-07-07T10:31:48.1931309+01:00" endTime="2025-07-07T10:31:58.0598372+01:00" testType="13cdc9d9-ddb5-4fa4-a97d-d965ccfc6d4b" outcome="Passed" testListId="8c84fa94-04c1-424b-9868-57a2d4851a1d" relativeResultsDirectory="3fbedea5-5982-4657-a433-ea2865cc988a">
      <Output>
        <StdOut>Setting up the test environment...&#xD;
Selenium webdriver initialization can be done here !&#xD;
Capabilities parameters chrome : 137.0.7151.120 : WINDOWS&#xD;
Home page loads and displays correctly with a title 'appvizer.fr - 1er Comparateur de logiciels en ligne'&#xD;
Tearing down the test environment...&#xD;
Selenium webdriver quit !</StdOut>
      </Output>
    </UnitTestResult>
  </Results>
  <TestDefinitions>
    <UnitTest name="TestMo_AppvizerDisplayHomePage()" storage="c:\users\chaker\source\repos\testrail\testrailtesting\bin\debug\net8.0\testrailtesting.dll" id="f148fceb-d586-f640-c36a-9cbdb5c8bd4a">
      <Execution id="3fbedea5-5982-4657-a433-ea2865cc988a" />
      <TestMethod codeBase="C:\Users\chaker\source\repos\TestRail\TestRailTesting\bin\Debug\net8.0\TestRailTesting.dll" adapterTypeName="executor://nunit3testexecutor/" className="TestRailTesting.trc_automated_tests.SeleniumAppvizer" name="TestMo_AppvizerDisplayHomePage()" />
    </UnitTest>
  </TestDefinitions>
  <TestEntries>
    <TestEntry testId="f148fceb-d586-f640-c36a-9cbdb5c8bd4a" executionId="3fbedea5-5982-4657-a433-ea2865cc988a" testListId="8c84fa94-04c1-424b-9868-57a2d4851a1d" />
  </TestEntries>
  <TestLists>
    <TestList name="Les résultats ne figurent pas dans une liste" id="8c84fa94-04c1-424b-9868-57a2d4851a1d" />
    <TestList name="Tous les résultats chargés" id="19431567-8539-422a-85d7-44ee4e166bda" />
  </TestLists>
  <ResultSummary outcome="Completed">
    <Counters total="1" executed="1" passed="1" failed="0" error="0" timeout="0" aborted="0" inconclusive="0" passedButRunAborted="0" notRunnable="0" notExecuted="0" disconnected="0" warning="0" completed="0" inProgress="0" pending="0" />
    <Output>
      <StdOut>NUnit Adapter 4.5.0.0: Test execution started&#xD;
Running selected tests in C:\Users\chaker\source\repos\TestRail\TestRailTesting\bin\Debug\net8.0\TestRailTesting.dll&#xD;
   NUnit3TestExecutor discovered 1 of 1 NUnit test cases using Current Discovery mode, Non-Explicit run&#xD;
NUnit Adapter 4.5.0.0: Test execution complete&#xD;
</StdOut>
    </Output>
    <RunInfos>
      <RunInfo computerName="DESKTOP-17V9HJ5" outcome="Warning" timestamp="2025-07-07T10:31:58.0783794+01:00">
        <Text>Setting up the test environment...&#xD;
Selenium webdriver initialization can be done here !&#xD;
Capabilities parameters chrome : 137.0.7151.120 : WINDOWS&#xD;
Home page loads and displays correctly with a title 'appvizer.fr - 1er Comparateur de logiciels en ligne'&#xD;
Tearing down the test environment...&#xD;
Selenium webdriver quit !&#xD;
</Text>
      </RunInfo>
    </RunInfos>
  </ResultSummary>
</TestRun>